<?xml version="1.0" encoding="UTF-8"?>
<testng-results skipped="0" failed="0" ignored="0" total="2" passed="2">
  <reporter-output>
  </reporter-output>
  <suite name="Default suite" duration-ms="10657" started-at="2018-08-11T18:09:54Z" finished-at="2018-08-11T18:10:04Z">
    <groups>
    </groups>
    <test name="Default test" duration-ms="10657" started-at="2018-08-11T18:09:54Z" finished-at="2018-08-11T18:10:04Z">
      <class name="userPageNavigation.mainLogin">
        <test-method status="PASS" signature="userLogin()[pri:0, instance:userPageNavigation.mainLogin@15d0c81b]" name="userLogin" duration-ms="9657" started-at="2018-08-11T18:09:54Z" finished-at="2018-08-11T18:10:03Z">
          <reporter-output>
          </reporter-output>
        </test-method> <!-- userLogin -->
        <test-method status="PASS" signature="userDashboard()[pri:0, instance:userPageNavigation.mainLogin@15d0c81b]" name="userDashboard" duration-ms="986" started-at="2018-08-11T18:10:03Z" depends-on-methods="userPageNavigation.mainLogin.userLogin" finished-at="2018-08-11T18:10:04Z">
          <reporter-output>
          </reporter-output>
        </test-method> <!-- userDashboard -->
      </class> <!-- userPageNavigation.mainLogin -->
    </test> <!-- Default test -->
  </suite> <!-- Default suite -->
</testng-results>
